[INFO ] 2022-09-05 16:05:34.792 [main] DnDMenu - Application started.
[INFO ] 2022-09-05 16:05:45.586 [main] DnDMenu - Cruzar successfully logged in.
[INFO ] 2022-09-05 16:05:49.520 [main] DnDMenu - User accessed the Manage Characters Menu.
[INFO ] 2022-09-05 16:06:20.841 [main] DnDMenu - User entered an invalid class at character creation.
[INFO ] 2022-09-05 16:06:27.918 [main] DnDMenu - User accessed the Manage Characters Menu.
[INFO ] 2022-09-05 16:06:43.035 [main] DnDMenu - User attempted to add a new character.
[INFO ] 2022-09-05 16:06:43.038 [main] DnDMenu - User gave invalid input.
[INFO ] 2022-09-05 16:06:47.048 [main] DnDMenu - User accessed the View Characters Menu.
[INFO ] 2022-09-05 16:06:49.059 [main] DnDMenu - User viewed their created characters.
[INFO ] 2022-09-05 16:07:25.375 [main] DnDMenu - User accessed the Manage Characters Menu.
[INFO ] 2022-09-05 16:07:28.411 [main] DnDMenu - User attempted to delete a character.
[INFO ] 2022-09-05 16:07:39.502 [main] DnDMenu - User deleted a character.
[INFO ] 2022-09-05 16:07:43.518 [main] DnDMenu - Application closed.
[INFO ] 2022-09-05 17:37:20.108 [main] DnDMenu - Application started.
[INFO ] 2022-09-05 17:37:29.922 [main] DnDMenu - Cruzar successfully logged in.
[INFO ] 2022-09-05 17:37:32.857 [main] DnDMenu - User accessed the Class Details Menu.
[INFO ] 2022-09-05 17:37:38.896 [main] DnDMenu - User viewed Cleric details.
[INFO ] 2022-09-05 17:37:53.017 [main] DnDMenu - User accessed the Manage Characters Menu.
[INFO ] 2022-09-05 17:38:03.112 [main] DnDMenu - User entered an invalid class at character creation.
[INFO ] 2022-09-05 17:38:12.179 [main] DnDMenu - Application closed.
